<?xml version="1.0" encoding="UTF-8"?>
<!-- Generated by org.testng.reporters.JUnitReportReporter -->
<testsuite hostname="vensakp51" name="TestCases.UtilityClassesExamples" tests="1" failures="0" timestamp="31 May 2016 11:22:07 GMT" time="0.030" errors="0">
  <testcase name="testUtilities" time="0.030" classname="TestCases.UtilityClassesExamples"/>
</testsuite> <!-- TestCases.UtilityClassesExamples -->
