<?xml version="1.0" encoding="UTF-8"?>
<!-- Generated by org.testng.reporters.JUnitReportReporter -->
<testsuite hostname="vensakp51" name="TestCases.verifyToolTipExample" tests="2" failures="0" timestamp="22 Jun 2016 09:14:34 GMT" time="15.964" errors="0">
  <testcase name="verifyToolTipText_Case1" time="4.927" classname="TestCases.verifyToolTipExample"/>
  <testcase name="verifyToolTipText_Case2" time="11.037" classname="TestCases.verifyToolTipExample"/>
</testsuite> <!-- TestCases.verifyToolTipExample -->
