<?xml version="1.0" encoding="UTF-8"?>
<!-- Generated by org.testng.reporters.JUnitReportReporter -->
<testsuite hostname="vensakp51" name="readDataFromPropertiesFile.RedditLogin_UsingFirefox" tests="1" failures="0" timestamp="7 Jun 2016 13:22:05 GMT" time="54.023" errors="0">
  <testcase name="redditUserLogin_UsingFirefox" time="54.023" classname="readDataFromPropertiesFile.RedditLogin_UsingFirefox"/>
</testsuite> <!-- readDataFromPropertiesFile.RedditLogin_UsingFirefox -->
