<?xml version="1.0" encoding="UTF-8"?>
<!-- Generated by org.testng.reporters.JUnitReportReporter -->
<testsuite hostname="vensakp51" name="TestCases.verifyToolTipExample" tests="2" failures="0" timestamp="2 Jun 2016 09:30:35 GMT" time="23.194" errors="0">
  <testcase name="verifyToolTipText_Case2" time="13.154" classname="TestCases.verifyToolTipExample"/>
  <testcase name="verifyToolTipText_Case1" time="10.040" classname="TestCases.verifyToolTipExample"/>
</testsuite> <!-- TestCases.verifyToolTipExample -->
