<?xml version="1.0" encoding="UTF-8"?>
<!-- Generated by org.testng.reporters.JUnitReportReporter -->
<testsuite hostname="vensakp51" name="TestCases.validateFooterLinks" tests="1" failures="0" timestamp="31 May 2016 07:02:05 GMT" time="134.045" errors="0">
  <testcase name="verifyFooterLinks" time="134.045" classname="TestCases.validateFooterLinks"/>
</testsuite> <!-- TestCases.validateFooterLinks -->
