<?xml version="1.0" encoding="UTF-8"?>
<!-- Generated by org.testng.reporters.JUnitReportReporter -->
<testsuite hostname="vensakp51" name="TestCases.UtilityClassesExamples" tests="1" failures="0" timestamp="2 Jun 2016 09:30:35 GMT" time="0.007" errors="0">
  <testcase name="testUtilities" time="0.007" classname="TestCases.UtilityClassesExamples"/>
</testsuite> <!-- TestCases.UtilityClassesExamples -->
