<?xml version="1.0" encoding="UTF-8"?>
<!-- Generated by org.testng.reporters.JUnitReportReporter -->
<testsuite hostname="vensakp51" name="TestCases.verifyToolTipExample" tests="2" failures="0" timestamp="3 Jun 2016 07:49:42 GMT" time="22.982" errors="0">
  <testcase name="verifyToolTipText_Case1" time="6.785" classname="TestCases.verifyToolTipExample"/>
  <testcase name="verifyToolTipText_Case2" time="16.197" classname="TestCases.verifyToolTipExample"/>
</testsuite> <!-- TestCases.verifyToolTipExample -->
