<?xml version="1.0" encoding="UTF-8"?>
<!-- Generated by org.testng.reporters.JUnitReportReporter -->
<testsuite hostname="vensakp51" name="robotClassExamples.robotClassUsingTestNG" tests="1" failures="0" timestamp="24 Jun 2016 10:11:20 GMT" time="5.309" errors="0">
  <testcase name="robotClassExamples" time="5.309" classname="robotClassExamples.robotClassUsingTestNG"/>
</testsuite> <!-- robotClassExamples.robotClassUsingTestNG -->
