<?xml version="1.0" encoding="UTF-8"?>
<!-- Generated by org.testng.reporters.JUnitReportReporter -->
<testsuite hostname="vensakp51" name="jdbcPrograms.ConnectJDBC" tests="1" failures="0" timestamp="14 Jun 2016 13:24:39 GMT" time="0.160" errors="0">
  <testcase name="setJDBCConnection" time="0.160" classname="jdbcPrograms.ConnectJDBC"/>
</testsuite> <!-- jdbcPrograms.ConnectJDBC -->
