<?xml version="1.0" encoding="UTF-8"?>
<!-- Generated by org.testng.reporters.JUnitReportReporter -->
<testsuite hostname="vensakp51" name="TestCases.verifyToolTipExample" tests="2" failures="0" timestamp="22 Jun 2016 11:03:39 GMT" time="20.105" errors="0">
  <testcase name="verifyToolTipText_Case2" time="13.659" classname="TestCases.verifyToolTipExample"/>
  <testcase name="verifyToolTipText_Case1" time="6.446" classname="TestCases.verifyToolTipExample"/>
</testsuite> <!-- TestCases.verifyToolTipExample -->
