<?xml version="1.0" encoding="UTF-8"?>
<!-- Generated by org.testng.reporters.JUnitReportReporter -->
<testsuite hostname="vensakp51" name="readDataFromPropertiesFile.RedditLogin" tests="1" failures="0" timestamp="6 Jun 2016 11:45:55 GMT" time="43.435" errors="0">
  <testcase name="redditUserLogin" time="43.435" classname="readDataFromPropertiesFile.RedditLogin"/>
</testsuite> <!-- readDataFromPropertiesFile.RedditLogin -->
