<?xml version="1.0" encoding="UTF-8"?>
<!-- Generated by org.testng.reporters.JUnitReportReporter -->
<testsuite hostname="vensakp51" name="TestCases.Read_CSV_FileUsingJava" tests="1" failures="0" timestamp="31 May 2016 11:22:07 GMT" time="0.000" errors="0">
  <testcase name="readDataFromCSVFile" time="0.000" classname="TestCases.Read_CSV_FileUsingJava"/>
</testsuite> <!-- TestCases.Read_CSV_FileUsingJava -->
