<?xml version="1.0" encoding="UTF-8"?>
<!-- Generated by org.testng.reporters.JUnitReportReporter -->
<testsuite hostname="vensakp51" name="TestCases.verifyToolTipExample" tests="1" failures="0" timestamp="30 May 2016 10:38:43 GMT" time="13.958" errors="0">
  <testcase name="verifyToolTipText_Case2" time="13.958" classname="TestCases.verifyToolTipExample"/>
</testsuite> <!-- TestCases.verifyToolTipExample -->
