<?xml version="1.0" encoding="UTF-8"?>
<!-- Generated by org.testng.reporters.JUnitReportReporter -->
<testsuite hostname="vensakp51" name="TestCases.verifyToolTipExample" tests="2" failures="0" timestamp="21 Jun 2016 07:35:59 GMT" time="43.886" errors="0">
  <testcase name="verifyToolTipText_Case1" time="4.454" classname="TestCases.verifyToolTipExample"/>
  <testcase name="verifyToolTipText_Case2" time="39.432" classname="TestCases.verifyToolTipExample"/>
</testsuite> <!-- TestCases.verifyToolTipExample -->
