<?xml version="1.0" encoding="UTF-8"?>
<!-- Generated by org.testng.reporters.JUnitReportReporter -->
<testsuite hostname="vensakp51" name="TestCases.verifyToolTipExample" tests="2" failures="0" timestamp="22 Jun 2016 07:51:36 GMT" time="22.045" errors="0">
  <testcase name="verifyToolTipText_Case1" time="6.951" classname="TestCases.verifyToolTipExample"/>
  <testcase name="verifyToolTipText_Case2" time="15.094" classname="TestCases.verifyToolTipExample"/>
</testsuite> <!-- TestCases.verifyToolTipExample -->
