<?xml version="1.0" encoding="UTF-8"?>
<!-- Generated by org.testng.reporters.JUnitReportReporter -->
<testsuite hostname="vensakp51" name="TestCases.verifyToolTipExample" tests="2" failures="0" timestamp="2 Jun 2016 10:19:35 GMT" time="21.325" errors="0">
  <testcase name="verifyToolTipText_Case2" time="15.311" classname="TestCases.verifyToolTipExample"/>
  <testcase name="verifyToolTipText_Case1" time="6.014" classname="TestCases.verifyToolTipExample"/>
</testsuite> <!-- TestCases.verifyToolTipExample -->
