<?xml version="1.0" encoding="UTF-8"?>
<!-- Generated by org.testng.reporters.JUnitReportReporter -->
<testsuite hostname="vensakp51" name="javaSystemProperties.PrintSystemProperties" tests="1" failures="0" timestamp="8 Jun 2016 13:23:17 GMT" time="0.010" errors="0">
  <testcase name="printSystemProperties" time="0.010" classname="javaSystemProperties.PrintSystemProperties"/>
</testsuite> <!-- javaSystemProperties.PrintSystemProperties -->
