<?xml version="1.0" encoding="UTF-8"?>
<!-- Generated by org.testng.reporters.JUnitReportReporter -->
<testsuite hostname="vensakp51" name="TestCases.verifyToolTipExample" tests="1" failures="0" timestamp="31 May 2016 11:22:07 GMT" time="12.022" errors="0">
  <testcase name="verifyToolTipText_Case1" time="12.022" classname="TestCases.verifyToolTipExample"/>
</testsuite> <!-- TestCases.verifyToolTipExample -->
