<?xml version="1.0" encoding="UTF-8"?>
<!-- Generated by org.testng.reporters.JUnitReportReporter -->
<testsuite hostname="vensakp51" name="readDataFromPropertiesFile.RedditLogin_UsingChrome" tests="1" failures="0" timestamp="7 Jun 2016 09:57:13 GMT" time="39.034" errors="0">
  <testcase name="redditUserLogin" time="39.034" classname="readDataFromPropertiesFile.RedditLogin_UsingChrome"/>
</testsuite> <!-- readDataFromPropertiesFile.RedditLogin_UsingChrome -->
