<?xml version="1.0" encoding="UTF-8"?>
<!-- Generated by org.testng.reporters.JUnitReportReporter -->
<testsuite hostname="vensakp51" name="toyota.getTheCarsText" tests="1" failures="0" timestamp="3 Jun 2016 12:12:35 GMT" time="11.558" errors="0">
  <testcase name="getCarNames" time="11.558" classname="toyota.getTheCarsText"/>
</testsuite> <!-- toyota.getTheCarsText -->
