<?xml version="1.0" encoding="UTF-8"?>
<!-- Generated by org.testng.reporters.JUnitReportReporter -->
<testsuite hostname="vensakp51" name="TestCases.verifyToolTipExample" tests="2" failures="0" timestamp="21 Jun 2016 13:19:29 GMT" time="17.917" errors="0">
  <testcase name="verifyToolTipText_Case1" time="5.104" classname="TestCases.verifyToolTipExample"/>
  <testcase name="verifyToolTipText_Case2" time="12.813" classname="TestCases.verifyToolTipExample"/>
</testsuite> <!-- TestCases.verifyToolTipExample -->
