<?xml version="1.0" encoding="UTF-8"?>
<!-- Generated by org.testng.reporters.JUnitReportReporter -->
<testsuite hostname="vensakp51" name="TestCases.verifyToolTipExample" tests="2" failures="0" timestamp="30 May 2016 07:46:01 GMT" time="15.259" errors="0">
  <testcase name="verifyToolTipText_Case2" time="6.363" classname="TestCases.verifyToolTipExample"/>
  <testcase name="verifyToolTipText_Case1" time="8.896" classname="TestCases.verifyToolTipExample"/>
</testsuite> <!-- TestCases.verifyToolTipExample -->
