<?xml version="1.0" encoding="UTF-8"?>
<!-- Generated by org.testng.reporters.JUnitReportReporter -->
<testsuite hostname="vensakp51" name="TestCases.Read_CSV_FileUsingJava" tests="1" failures="0" timestamp="3 Jun 2016 07:49:42 GMT" time="0.003" errors="0">
  <testcase name="readDataFromCSVFile" time="0.003" classname="TestCases.Read_CSV_FileUsingJava"/>
</testsuite> <!-- TestCases.Read_CSV_FileUsingJava -->
