<?xml version="1.0" encoding="UTF-8"?>
<!-- Generated by org.testng.reporters.JUnitReportReporter -->
<testsuite hostname="vensakp51" name="TestCases.verifyToolTipExample" tests="2" failures="0" timestamp="31 May 2016 10:50:26 GMT" time="22.680" errors="0">
  <testcase name="verifyToolTipText_Case1" time="6.501" classname="TestCases.verifyToolTipExample"/>
  <testcase name="verifyToolTipText_Case2" time="16.179" classname="TestCases.verifyToolTipExample"/>
</testsuite> <!-- TestCases.verifyToolTipExample -->
