<?xml version="1.0" encoding="UTF-8"?>
<!-- Generated by org.testng.reporters.JUnitReportReporter -->
<testsuite hostname="vensakp51" name="TestCases.verifyToolTipExample" tests="1" failures="0" timestamp="30 May 2016 07:37:54 GMT" time="7.485" errors="0">
  <testcase name="verifyToolTipText" time="7.485" classname="TestCases.verifyToolTipExample"/>
</testsuite> <!-- TestCases.verifyToolTipExample -->
