<?xml version="1.0" encoding="UTF-8"?>
<!-- Generated by org.testng.reporters.JUnitReportReporter -->
<testsuite hostname="vensakp51" name="TestCases.verifyToolTipExample" tests="2" failures="0" timestamp="3 Jun 2016 06:22:03 GMT" time="28.300" errors="0">
  <testcase name="verifyToolTipText_Case2" time="21.143" classname="TestCases.verifyToolTipExample"/>
  <testcase name="verifyToolTipText_Case1" time="7.157" classname="TestCases.verifyToolTipExample"/>
</testsuite> <!-- TestCases.verifyToolTipExample -->
