<?xml version="1.0" encoding="UTF-8"?>
<!-- Generated by org.testng.reporters.JUnitReportReporter -->
<testsuite hostname="vensakp51" name="TestNGFramework_TestCases.SampleTestNGTest2" tests="1" failures="0" timestamp="7 Oct 2015 07:15:59 GMT" time="35.354" errors="0">
  <testcase name="addGiftWrapping" time="35.354" classname="TestNGFramework_TestCases.SampleTestNGTest2"/>
</testsuite> <!-- TestNGFramework_TestCases.SampleTestNGTest2 -->
