<?xml version="1.0" encoding="UTF-8"?>
<!-- Generated by org.testng.reporters.JUnitReportReporter -->
<testsuite hostname="vensakp51" name="TestNGFramework_TestCases.TC29_DeleteCustomer_basedOnCustomerName" tests="1" failures="0" timestamp="24 Sep 2015 10:45:46 GMT" time="26.929" errors="0">
  <testcase name="SearchCustomerBasedOnCustomerName" time="26.929" classname="TestNGFramework_TestCases.TC29_DeleteCustomer_basedOnCustomerName"/>
</testsuite> <!-- TestNGFramework_TestCases.TC29_DeleteCustomer_basedOnCustomerName -->
