<?xml version="1.0" encoding="UTF-8"?>
<!-- Generated by org.testng.reporters.JUnitReportReporter -->
<testsuite hostname="vensakp51" name="TestNGFramework_TestCases.TC30_ValidateCustomerResetFilter" tests="1" failures="0" timestamp="30 Sep 2015 10:48:30 GMT" time="16.427" errors="0">
  <testcase name="ValidateCustomerAttributeResetFilter" time="16.427" classname="TestNGFramework_TestCases.TC30_ValidateCustomerResetFilter"/>
</testsuite> <!-- TestNGFramework_TestCases.TC30_ValidateCustomerResetFilter -->
