<?xml version="1.0" encoding="UTF-8"?>
<!-- Generated by org.testng.reporters.JUnitReportReporter -->
<testsuite hostname="vensakp51" name="TestNGFramework_TestCases.SampleTestNGTest1" tests="1" failures="0" timestamp="7 Oct 2015 07:15:59 GMT" time="31.553" errors="0">
  <testcase name="loginAndLogOut" time="31.553" classname="TestNGFramework_TestCases.SampleTestNGTest1"/>
</testsuite> <!-- TestNGFramework_TestCases.SampleTestNGTest1 -->
