<?xml version="1.0" encoding="UTF-8"?>
<!-- Generated by org.testng.reporters.JUnitReportReporter -->
<testsuite hostname="vensakp51" name="TestNGFramework_TestCases.TC4_SearchOrder_basedOnOrderNumber" tests="1" failures="0" timestamp="21 Sep 2015 09:59:19 GMT" time="12.447" errors="0">
  <testcase name="TC4_SearchAndVerifyOrderNumber" time="12.447" classname="TestNGFramework_TestCases.TC4_SearchOrder_basedOnOrderNumber"/>
</testsuite> <!-- TestNGFramework_TestCases.TC4_SearchOrder_basedOnOrderNumber -->
