<?xml version="1.0" encoding="UTF-8"?>
<!-- Generated by org.testng.reporters.JUnitReportReporter -->
<testsuite hostname="vensakp51" name="TestNGFramework_TestCases.SampleTestNGTest1" tests="1" failures="0" timestamp="11 Dec 2015 07:08:22 GMT" time="21.680" errors="0">
  <testcase name="loginAndLogOut" time="21.680" classname="TestNGFramework_TestCases.SampleTestNGTest1"/>
</testsuite> <!-- TestNGFramework_TestCases.SampleTestNGTest1 -->
