<?xml version="1.0" encoding="UTF-8"?>
<!-- Generated by org.testng.reporters.JUnitReportReporter -->
<testsuite hostname="vensakp51" name="TestNGFramework_TestCases.TC26_CreateNewCustomer" tests="1" failures="0" timestamp="21 Sep 2015 09:20:55 GMT" time="33.872" errors="0">
  <testcase name="CreateNewCustomer" time="33.872" classname="TestNGFramework_TestCases.TC26_CreateNewCustomer"/>
</testsuite> <!-- TestNGFramework_TestCases.TC26_CreateNewCustomer -->
