<?xml version="1.0" encoding="UTF-8"?>
<!-- Generated by org.testng.reporters.JUnitReportReporter -->
<testsuite hostname="vensakp51" name="TestNGFramework_TestCases.TC34_AddNewCustomerAddressAttribute" tests="1" failures="0" timestamp="28 Sep 2015 11:18:35 GMT" time="21.480" errors="0">
  <testcase name="AddNewCustomerAttribute" time="21.480" classname="TestNGFramework_TestCases.TC34_AddNewCustomerAddressAttribute"/>
</testsuite> <!-- TestNGFramework_TestCases.TC34_AddNewCustomerAddressAttribute -->
