<?xml version="1.0" encoding="UTF-8"?>
<!-- Generated by org.testng.reporters.JUnitReportReporter -->
<testsuite hostname="vensakp51" name="TestNGFramework_TestCases.TakeScreenshotOnlyForFailedTest" tests="1" failures="0" timestamp="29 Sep 2015 06:15:07 GMT" time="9.243" errors="0">
  <testcase name="LoginAndLogOut" time="9.243" classname="TestNGFramework_TestCases.TakeScreenshotOnlyForFailedTest"/>
</testsuite> <!-- TestNGFramework_TestCases.TakeScreenshotOnlyForFailedTest -->
