<?xml version="1.0" encoding="UTF-8"?>
<!-- Generated by org.testng.reporters.JUnitReportReporter -->
<testsuite hostname="vensakp51" name="TestNGFramework_TestCases.SampleTestNGTest2" tests="1" failures="0" timestamp="11 Dec 2015 07:08:22 GMT" time="22.878" errors="0">
  <testcase name="addGiftWrapping" time="22.878" classname="TestNGFramework_TestCases.SampleTestNGTest2"/>
</testsuite> <!-- TestNGFramework_TestCases.SampleTestNGTest2 -->
