<?xml version="1.0" encoding="UTF-8"?>
<!-- Generated by org.testng.reporters.JUnitReportReporter -->
<testsuite hostname="vensakp51" name="TestNGFramework_TestCases.TC14_Delete_SelectedGiftWrappingDesign" tests="1" failures="0" timestamp="22 Sep 2015 11:32:20 GMT" time="12.695" errors="0">
  <testcase name="Delete_SelectedGiftWrappingDesign" time="12.695" classname="TestNGFramework_TestCases.TC14_Delete_SelectedGiftWrappingDesign"/>
</testsuite> <!-- TestNGFramework_TestCases.TC14_Delete_SelectedGiftWrappingDesign -->
