<?xml version="1.0" encoding="UTF-8"?>
<!-- Generated by org.testng.reporters.JUnitReportReporter -->
<testsuite hostname="vensakp51" name="TestNGFramework_TestCases.TC32_AddNewCustomerAttribute" tests="1" failures="0" timestamp="28 Sep 2015 10:11:31 GMT" time="21.226" errors="0">
  <testcase name="AddNewCustomerAttribute" time="21.226" classname="TestNGFramework_TestCases.TC32_AddNewCustomerAttribute"/>
</testsuite> <!-- TestNGFramework_TestCases.TC32_AddNewCustomerAttribute -->
