<?xml version="1.0" encoding="UTF-8"?>
<!-- Generated by org.testng.reporters.JUnitReportReporter -->
<testsuite hostname="vensakp51" name="TestNGFramework_TestCases.TC35_ValidateCustomerAddressAttributeResetFilter" tests="1" failures="0" timestamp="29 Sep 2015 11:15:33 GMT" time="15.317" errors="0">
  <testcase name="ValidateCustomerAddressAttributeResetFilter" time="15.317" classname="TestNGFramework_TestCases.TC35_ValidateCustomerAddressAttributeResetFilter"/>
</testsuite> <!-- TestNGFramework_TestCases.TC35_ValidateCustomerAddressAttributeResetFilter -->
