<?xml version="1.0" encoding="UTF-8"?>
<!-- Generated by org.testng.reporters.JUnitReportReporter -->
<testsuite hostname="vensakp51" name="TestNGFramework_TestCases.TC15_Edit_ExistingGiftWrapping" tests="1" failures="0" timestamp="22 Sep 2015 10:08:43 GMT" time="17.676" errors="0">
  <testcase name="Edit_ExistingGiftWrappingDesignName" time="17.676" classname="TestNGFramework_TestCases.TC15_Edit_ExistingGiftWrapping"/>
</testsuite> <!-- TestNGFramework_TestCases.TC15_Edit_ExistingGiftWrapping -->
