<?xml version="1.0" encoding="UTF-8"?>
<!-- Generated by org.testng.reporters.JUnitReportReporter -->
<testsuite hostname="vensakp51" name="TestNGFramework_TestCases.TC33_ValidateCustomerAttributeResetFilter" tests="1" failures="0" timestamp="29 Sep 2015 09:55:24 GMT" time="14.992" errors="0">
  <testcase name="ValidateCustomerAttributeResetFilter" time="14.992" classname="TestNGFramework_TestCases.TC33_ValidateCustomerAttributeResetFilter"/>
</testsuite> <!-- TestNGFramework_TestCases.TC33_ValidateCustomerAttributeResetFilter -->
