<?xml version="1.0" encoding="UTF-8"?>
<!-- Generated by org.testng.reporters.JUnitReportReporter -->
<testsuite hostname="vensakp51" name="TestNGFramework_TestCases.SampleTestNGTest" tests="1" failures="0" timestamp="1 Oct 2015 11:03:00 GMT" time="21.129" errors="0">
  <testcase name="loginAndLogOut" time="21.129" classname="TestNGFramework_TestCases.SampleTestNGTest"/>
</testsuite> <!-- TestNGFramework_TestCases.SampleTestNGTest -->
