<?xml version="1.0" encoding="UTF-8"?>
<!-- Generated by org.testng.reporters.JUnitReportReporter -->
<testsuite hostname="vensakp51" name="TestNGFramework_TestCases.TC28_EditCustomer_BasedOn_TheCustomerName" tests="1" failures="0" timestamp="24 Sep 2015 08:40:30 GMT" time="25.783" errors="0">
  <testcase name="EditCustomerBasedOnTheCustomerName" time="25.783" classname="TestNGFramework_TestCases.TC28_EditCustomer_BasedOn_TheCustomerName"/>
</testsuite> <!-- TestNGFramework_TestCases.TC28_EditCustomer_BasedOn_TheCustomerName -->
