<?xml version="1.0" encoding="UTF-8"?>
<!-- Generated by org.testng.reporters.JUnitReportReporter -->
<testsuite hostname="vensakp51" name="TestNGFramework_TestCases.sample" tests="2" failures="0" timestamp="14 Sep 2015 11:02:11 GMT" time="8.156" errors="0">
  <testcase name="onTest" time="4.031" classname="TestNGFramework_TestCases.sample"/>
  <testcase name="onTestFailure" time="4.125" classname="TestNGFramework_TestCases.sample"/>
</testsuite> <!-- TestNGFramework_TestCases.sample -->
