<?xml version="1.0" encoding="UTF-8"?>
<!-- Generated by org.testng.reporters.JUnitReportReporter -->
<testsuite hostname="vensakp51" name="Testcases.MultiBrowser" tests="3" failures="0" timestamp="7 Oct 2015 12:50:10 GMT" time="90.154" errors="0">
  <testcase name="RedditAPI_Launch" time="47.907" classname="Testcases.MultiBrowser"/>
  <testcase name="RedditAPI_Launch" time="12.472" classname="Testcases.MultiBrowser"/>
  <testcase name="RedditAPI_Launch" time="29.775" classname="Testcases.MultiBrowser"/>
</testsuite> <!-- Testcases.MultiBrowser -->
